<?xml version="1.0"?><coverage line-rate="0.2857142857142857" branch-rate="1.0" version="1.9" timestamp="1552957428"><sources><source>/home/diserere/trash/test_rust/test_cov_kcov</source></sources><packages><package name="src" line-rate="0.2857143" branch-rate="1.0" complexity="0.0"><classes><class name="main" filename="src/main.rs" line-rate="0.2857143" branch-rate="1.0" complexity="0.0"><methods/><lines><line number="1" hits="0"/><line number="2" hits="0"/><line number="5" hits="0"/><line number="6" hits="0"/><line number="9" hits="1"/><line number="10" hits="1"/><line number="11" hits="0"/><line number="12" hits="0"/><line number="14" hits="1"/><line number="15" hits="0"/><line number="16" hits="0"/><line number="19" hits="1"/><line number="22" hits="0"/><line number="23" hits="0"/><line number="25" hits="0"/><line number="26" hits="0"/><line number="27" hits="0"/><line number="28" hits="0"/><line number="29" hits="0"/><line number="63" hits="2"/><line number="64" hits="1"/></lines></class></classes></package></packages></coverage>